Сборка начата 18.10.2015 22:18:10.
     1>Проект "C:\Users\user\Desktop\Новая папка\weedden\weedden\weedden.vcxproj" в узле 2 (целевые объекты Build).
     1>ClCompile:
         D:\Program Files (x86)\Microsoft Visual Studio 14.0\VC\bin\x86_amd64\CL.exe /c /I"D:\SFML-2.3.2\include" /ZI /nologo /W0 /WX- /sdl /Od /D SFML_STATIC /D _MBCS /Gm /EHsc /RTC1 /MDd /GS /fp:precise /Zc:wchar_t /Zc:forScope /Zc:inline /Fo"x64\Debug\\" /Fd"x64\Debug\vc140.pdb" /Gd /TP /errorReport:prompt main.cpp
         main.cpp
       Link:
         D:\Program Files (x86)\Microsoft Visual Studio 14.0\VC\bin\x86_amd64\link.exe /ERRORREPORT:PROMPT /OUT:"C:\Users\user\Desktop\Новая папка\weedden\x64\Debug\weedden.exe" /INCREMENTAL /NOLOGO /LIBPATH:"D:\SFML-2.3.2\lib" "sfml-graphics-s-d.lib" "sfml-window-s-d.lib" "sfml-system-s-d.lib" "sfml-audio-s-d.lib" kernel32.lib user32.lib gdi32.lib winspool.lib comdlg32.lib advapi32.lib shell32.lib ole32.lib oleaut32.lib uuid.lib odbc32.lib odbccp32.lib /MANIFEST /MANIFESTUAC:"level='asInvoker' uiAccess='false'" /manifest:embed /Debug /PDB:"C:\Users\user\Desktop\Новая папка\weedden\x64\Debug\weedden.pdb" /TLBID:1 /DYNAMICBASE /NXCOMPAT /IMPLIB:"C:\Users\user\Desktop\Новая папка\weedden\x64\Debug\weedden.lib" /MACHINE:X64 x64\Debug\main.obj
     1>sfml-graphics-s-d.lib(RenderTarget.cpp.obj) : error LNK2019: ссылка на неразрешенный внешний символ __imp_glBlendFunc в функции "private: void __cdecl sf::RenderTarget::applyBlendMode(struct sf::BlendMode const &)" (?applyBlendMode@RenderTarget@sf@@AEAAXAEBUBlendMode@2@@Z)
     1>sfml-graphics-s-d.lib(RenderTarget.cpp.obj) : error LNK2019: ссылка на неразрешенный внешний символ __imp_glClear в функции "public: void __cdecl sf::RenderTarget::clear(class sf::Color const &)" (?clear@RenderTarget@sf@@QEAAXAEBVColor@2@@Z)
     1>sfml-graphics-s-d.lib(RenderTarget.cpp.obj) : error LNK2019: ссылка на неразрешенный внешний символ __imp_glClearColor в функции "public: void __cdecl sf::RenderTarget::clear(class sf::Color const &)" (?clear@RenderTarget@sf@@QEAAXAEBVColor@2@@Z)
     1>sfml-graphics-s-d.lib(RenderTarget.cpp.obj) : error LNK2019: ссылка на неразрешенный внешний символ __imp_glDisable в функции "public: void __cdecl sf::RenderTarget::resetGLStates(void)" (?resetGLStates@RenderTarget@sf@@QEAAXXZ)
     1>sfml-graphics-s-d.lib(RenderTarget.cpp.obj) : error LNK2019: ссылка на неразрешенный внешний символ __imp_glEnable в функции "public: void __cdecl sf::RenderTarget::resetGLStates(void)" (?resetGLStates@RenderTarget@sf@@QEAAXXZ)
     1>sfml-window-s-d.lib(GlContext.cpp.obj) : error LNK2001: неразрешенный внешний символ "__imp_glEnable"
     1>sfml-graphics-s-d.lib(RenderTarget.cpp.obj) : error LNK2019: ссылка на неразрешенный внешний символ __imp_glGetError в функции "public: void __cdecl sf::RenderTarget::pushGLStates(void)" (?pushGLStates@RenderTarget@sf@@QEAAXXZ)
     1>sfml-graphics-s-d.lib(GLCheck.cpp.obj) : error LNK2001: неразрешенный внешний символ "__imp_glGetError"
     1>sfml-graphics-s-d.lib(GLLoader.cpp.obj) : error LNK2001: неразрешенный внешний символ "__imp_glGetError"
     1>sfml-window-s-d.lib(GlContext.cpp.obj) : error LNK2001: неразрешенный внешний символ "__imp_glGetError"
     1>sfml-graphics-s-d.lib(RenderTarget.cpp.obj) : error LNK2019: ссылка на неразрешенный внешний символ __imp_glLoadMatrixf в функции "private: void __cdecl sf::RenderTarget::applyCurrentView(void)" (?applyCurrentView@RenderTarget@sf@@AEAAXXZ)
     1>sfml-graphics-s-d.lib(Texture.cpp.obj) : error LNK2001: неразрешенный внешний символ "__imp_glLoadMatrixf"
     1>sfml-graphics-s-d.lib(RenderTarget.cpp.obj) : error LNK2019: ссылка на неразрешенный внешний символ __imp_glMatrixMode в функции "public: void __cdecl sf::RenderTarget::pushGLStates(void)" (?pushGLStates@RenderTarget@sf@@QEAAXXZ)
     1>sfml-graphics-s-d.lib(Texture.cpp.obj) : error LNK2001: неразрешенный внешний символ "__imp_glMatrixMode"
     1>sfml-graphics-s-d.lib(RenderTarget.cpp.obj) : error LNK2019: ссылка на неразрешенный внешний символ __imp_glPopAttrib в функции "public: void __cdecl sf::RenderTarget::popGLStates(void)" (?popGLStates@RenderTarget@sf@@QEAAXXZ)
     1>sfml-graphics-s-d.lib(RenderTarget.cpp.obj) : error LNK2019: ссылка на неразрешенный внешний символ __imp_glPopMatrix в функции "public: void __cdecl sf::RenderTarget::popGLStates(void)" (?popGLStates@RenderTarget@sf@@QEAAXXZ)
     1>sfml-graphics-s-d.lib(RenderTarget.cpp.obj) : error LNK2019: ссылка на неразрешенный внешний символ __imp_glPushAttrib в функции "public: void __cdecl sf::RenderTarget::pushGLStates(void)" (?pushGLStates@RenderTarget@sf@@QEAAXXZ)
     1>sfml-graphics-s-d.lib(RenderTarget.cpp.obj) : error LNK2019: ссылка на неразрешенный внешний символ __imp_glPushMatrix в функции "public: void __cdecl sf::RenderTarget::pushGLStates(void)" (?pushGLStates@RenderTarget@sf@@QEAAXXZ)
     1>sfml-graphics-s-d.lib(RenderTarget.cpp.obj) : error LNK2019: ссылка на неразрешенный внешний символ __imp_glViewport в функции "private: void __cdecl sf::RenderTarget::applyCurrentView(void)" (?applyCurrentView@RenderTarget@sf@@AEAAXXZ)
     1>sfml-graphics-s-d.lib(RenderTarget.cpp.obj) : error LNK2019: ссылка на неразрешенный внешний символ __imp_glColorPointer в функции "public: void __cdecl sf::RenderTarget::draw(class sf::Vertex const *,unsigned __int64,enum sf::PrimitiveType,class sf::RenderStates const &)" (?draw@RenderTarget@sf@@QEAAXPEBVVertex@2@_KW4PrimitiveType@2@AEBVRenderStates@2@@Z)
     1>sfml-graphics-s-d.lib(RenderTarget.cpp.obj) : error LNK2019: ссылка на неразрешенный внешний символ __imp_glDrawArrays в функции "public: void __cdecl sf::RenderTarget::draw(class sf::Vertex const *,unsigned __int64,enum sf::PrimitiveType,class sf::RenderStates const &)" (?draw@RenderTarget@sf@@QEAAXPEBVVertex@2@_KW4PrimitiveType@2@AEBVRenderStates@2@@Z)
     1>sfml-graphics-s-d.lib(RenderTarget.cpp.obj) : error LNK2019: ссылка на неразрешенный внешний символ __imp_glEnableClientState в функции "public: void __cdecl sf::RenderTarget::resetGLStates(void)" (?resetGLStates@RenderTarget@sf@@QEAAXXZ)
     1>sfml-graphics-s-d.lib(RenderTarget.cpp.obj) : error LNK2019: ссылка на неразрешенный внешний символ __imp_glPopClientAttrib в функции "public: void __cdecl sf::RenderTarget::popGLStates(void)" (?popGLStates@RenderTarget@sf@@QEAAXXZ)
     1>sfml-graphics-s-d.lib(RenderTarget.cpp.obj) : error LNK2019: ссылка на неразрешенный внешний символ __imp_glPushClientAttrib в функции "public: void __cdecl sf::RenderTarget::pushGLStates(void)" (?pushGLStates@RenderTarget@sf@@QEAAXXZ)
     1>sfml-graphics-s-d.lib(RenderTarget.cpp.obj) : error LNK2019: ссылка на неразрешенный внешний символ __imp_glTexCoordPointer в функции "public: void __cdecl sf::RenderTarget::draw(class sf::Vertex const *,unsigned __int64,enum sf::PrimitiveType,class sf::RenderStates const &)" (?draw@RenderTarget@sf@@QEAAXPEBVVertex@2@_KW4PrimitiveType@2@AEBVRenderStates@2@@Z)
     1>sfml-graphics-s-d.lib(RenderTarget.cpp.obj) : error LNK2019: ссылка на неразрешенный внешний символ __imp_glVertexPointer в функции "public: void __cdecl sf::RenderTarget::draw(class sf::Vertex const *,unsigned __int64,enum sf::PrimitiveType,class sf::RenderStates const &)" (?draw@RenderTarget@sf@@QEAAXPEBVVertex@2@_KW4PrimitiveType@2@AEBVRenderStates@2@@Z)
     1>sfml-graphics-s-d.lib(RenderWindow.cpp.obj) : error LNK2019: ссылка на неразрешенный внешний символ __imp_glReadPixels в функции "public: class sf::Image __cdecl sf::RenderWindow::capture(void)const " (?capture@RenderWindow@sf@@QEBA?AVImage@2@XZ)
     1>sfml-graphics-s-d.lib(Texture.cpp.obj) : error LNK2019: ссылка на неразрешенный внешний символ __imp_glFlush в функции "public: bool __cdecl sf::Texture::loadFromImage(class sf::Image const &,class sf::Rect<int> const &)" (?loadFromImage@Texture@sf@@QEAA_NAEBVImage@2@AEBV?$Rect@H@2@@Z)
     1>sfml-graphics-s-d.lib(Shader.cpp.obj) : error LNK2001: неразрешенный внешний символ "__imp_glFlush"
     1>sfml-window-s-d.lib(GlContext.cpp.obj) : error LNK2001: неразрешенный внешний символ "__imp_glGetIntegerv"
     1>sfml-graphics-s-d.lib(Texture.cpp.obj) : error LNK2001: неразрешенный внешний символ "__imp_glGetIntegerv"
     1>sfml-graphics-s-d.lib(Shader.cpp.obj) : error LNK2001: неразрешенный внешний символ "__imp_glGetIntegerv"
     1>sfml-graphics-s-d.lib(GLLoader.cpp.obj) : error LNK2001: неразрешенный внешний символ "__imp_glGetIntegerv"
     1>sfml-graphics-s-d.lib(TextureSaver.cpp.obj) : error LNK2001: неразрешенный внешний символ "__imp_glGetIntegerv"
     1>sfml-graphics-s-d.lib(Texture.cpp.obj) : error LNK2019: ссылка на неразрешенный внешний символ __imp_glGetTexImage в функции "public: class sf::Image __cdecl sf::Texture::copyToImage(void)const " (?copyToImage@Texture@sf@@QEBA?AVImage@2@XZ)
     1>sfml-graphics-s-d.lib(Texture.cpp.obj) : error LNK2019: ссылка на неразрешенный внешний символ __imp_glLoadIdentity в функции "public: static void __cdecl sf::Texture::bind(class sf::Texture const *,enum sf::Texture::CoordinateType)" (?bind@Texture@sf@@SAXPEBV12@W4CoordinateType@12@@Z)
     1>sfml-graphics-s-d.lib(Texture.cpp.obj) : error LNK2019: ссылка на неразрешенный внешний символ __imp_glTexImage2D в функции "public: bool __cdecl sf::Texture::create(unsigned int,unsigned int)" (?create@Texture@sf@@QEAA_NII@Z)
     1>sfml-graphics-s-d.lib(Texture.cpp.obj) : error LNK2019: ссылка на неразрешенный внешний символ __imp_glTexParameteri в функции "public: bool __cdecl sf::Texture::create(unsigned int,unsigned int)" (?create@Texture@sf@@QEAA_NII@Z)
     1>sfml-graphics-s-d.lib(Texture.cpp.obj) : error LNK2019: ссылка на неразрешенный внешний символ __imp_glBindTexture в функции "public: bool __cdecl sf::Texture::create(unsigned int,unsigned int)" (?create@Texture@sf@@QEAA_NII@Z)
     1>sfml-graphics-s-d.lib(TextureSaver.cpp.obj) : error LNK2001: неразрешенный внешний символ "__imp_glBindTexture"
     1>sfml-graphics-s-d.lib(Texture.cpp.obj) : error LNK2019: ссылка на неразрешенный внешний символ __imp_glCopyTexSubImage2D в функции "public: void __cdecl sf::Texture::update(class sf::Window const &,unsigned int,unsigned int)" (?update@Texture@sf@@QEAAXAEBVWindow@2@II@Z)
     1>sfml-graphics-s-d.lib(Texture.cpp.obj) : error LNK2019: ссылка на неразрешенный внешний символ __imp_glDeleteTextures в функции "public: __cdecl sf::Texture::~Texture(void)" (??1Texture@sf@@QEAA@XZ)
     1>sfml-graphics-s-d.lib(Texture.cpp.obj) : error LNK2019: ссылка на неразрешенный внешний символ __imp_glGenTextures в функции "public: bool __cdecl sf::Texture::create(unsigned int,unsigned int)" (?create@Texture@sf@@QEAA_NII@Z)
     1>sfml-graphics-s-d.lib(Texture.cpp.obj) : error LNK2019: ссылка на неразрешенный внешний символ __imp_glTexSubImage2D в функции "public: bool __cdecl sf::Texture::loadFromImage(class sf::Image const &,class sf::Rect<int> const &)" (?loadFromImage@Texture@sf@@QEAA_NAEBVImage@2@AEBV?$Rect@H@2@@Z)
     1>sfml-graphics-s-d.lib(GLLoader.cpp.obj) : error LNK2019: ссылка на неразрешенный внешний символ __imp_glGetString в функции sfogl_LoadFunctions
     1>sfml-window-s-d.lib(GlContext.cpp.obj) : error LNK2001: неразрешенный внешний символ "__imp_glGetString"
     1>sfml-graphics-s-d.lib(ImageLoader.cpp.obj) : error LNK2019: ссылка на неразрешенный внешний символ jpeg_std_error в функции "private: bool __cdecl sf::priv::ImageLoader::writeJpg(class std::basic_string<char,struct std::char_traits<char>,class std::allocator<char> > const &,class std::vector<unsigned char,class std::allocator<unsigned char> > const &,unsigned int,unsigned int)" (?writeJpg@ImageLoader@priv@sf@@AEAA_NAEBV?$basic_string@DU?$char_traits@D@std@@V?$allocator@D@2@@std@@AEBV?$vector@EV?$allocator@E@std@@@5@II@Z)
     1>sfml-graphics-s-d.lib(ImageLoader.cpp.obj) : error LNK2019: ссылка на неразрешенный внешний символ jpeg_CreateCompress в функции "private: bool __cdecl sf::priv::ImageLoader::writeJpg(class std::basic_string<char,struct std::char_traits<char>,class std::allocator<char> > const &,class std::vector<unsigned char,class std::allocator<unsigned char> > const &,unsigned int,unsigned int)" (?writeJpg@ImageLoader@priv@sf@@AEAA_NAEBV?$basic_string@DU?$char_traits@D@std@@V?$allocator@D@2@@std@@AEBV?$vector@EV?$allocator@E@std@@@5@II@Z)
     1>sfml-graphics-s-d.lib(ImageLoader.cpp.obj) : error LNK2019: ссылка на неразрешенный внешний символ jpeg_destroy_compress в функции "private: bool __cdecl sf::priv::ImageLoader::writeJpg(class std::basic_string<char,struct std::char_traits<char>,class std::allocator<char> > const &,class std::vector<unsigned char,class std::allocator<unsigned char> > const &,unsigned int,unsigned int)" (?writeJpg@ImageLoader@priv@sf@@AEAA_NAEBV?$basic_string@DU?$char_traits@D@std@@V?$allocator@D@2@@std@@AEBV?$vector@EV?$allocator@E@std@@@5@II@Z)
     1>sfml-graphics-s-d.lib(ImageLoader.cpp.obj) : error LNK2019: ссылка на неразрешенный внешний символ jpeg_stdio_dest в функции "private: bool __cdecl sf::priv::ImageLoader::writeJpg(class std::basic_string<char,struct std::char_traits<char>,class std::allocator<char> > const &,class std::vector<unsigned char,class std::allocator<unsigned char> > const &,unsigned int,unsigned int)" (?writeJpg@ImageLoader@priv@sf@@AEAA_NAEBV?$basic_string@DU?$char_traits@D@std@@V?$allocator@D@2@@std@@AEBV?$vector@EV?$allocator@E@std@@@5@II@Z)
     1>sfml-graphics-s-d.lib(ImageLoader.cpp.obj) : error LNK2019: ссылка на неразрешенный внешний символ jpeg_set_defaults в функции "private: bool __cdecl sf::priv::ImageLoader::writeJpg(class std::basic_string<char,struct std::char_traits<char>,class std::allocator<char> > const &,class std::vector<unsigned char,class std::allocator<unsigned char> > const &,unsigned int,unsigned int)" (?writeJpg@ImageLoader@priv@sf@@AEAA_NAEBV?$basic_string@DU?$char_traits@D@std@@V?$allocator@D@2@@std@@AEBV?$vector@EV?$allocator@E@std@@@5@II@Z)
     1>sfml-graphics-s-d.lib(ImageLoader.cpp.obj) : error LNK2019: ссылка на неразрешенный внешний символ jpeg_set_quality в функции "private: bool __cdecl sf::priv::ImageLoader::writeJpg(class std::basic_string<char,struct std::char_traits<char>,class std::allocator<char> > const &,class std::vector<unsigned char,class std::allocator<unsigned char> > const &,unsigned int,unsigned int)" (?writeJpg@ImageLoader@priv@sf@@AEAA_NAEBV?$basic_string@DU?$char_traits@D@std@@V?$allocator@D@2@@std@@AEBV?$vector@EV?$allocator@E@std@@@5@II@Z)
     1>sfml-graphics-s-d.lib(ImageLoader.cpp.obj) : error LNK2019: ссылка на неразрешенный внешний символ jpeg_start_compress в функции "private: bool __cdecl sf::priv::ImageLoader::writeJpg(class std::basic_string<char,struct std::char_traits<char>,class std::allocator<char> > const &,class std::vector<unsigned char,class std::allocator<unsigned char> > const &,unsigned int,unsigned int)" (?writeJpg@ImageLoader@priv@sf@@AEAA_NAEBV?$basic_string@DU?$char_traits@D@std@@V?$allocator@D@2@@std@@AEBV?$vector@EV?$allocator@E@std@@@5@II@Z)
     1>sfml-graphics-s-d.lib(ImageLoader.cpp.obj) : error LNK2019: ссылка на неразрешенный внешний символ jpeg_write_scanlines в функции "private: bool __cdecl sf::priv::ImageLoader::writeJpg(class std::basic_string<char,struct std::char_traits<char>,class std::allocator<char> > const &,class std::vector<unsigned char,class std::allocator<unsigned char> > const &,unsigned int,unsigned int)" (?writeJpg@ImageLoader@priv@sf@@AEAA_NAEBV?$basic_string@DU?$char_traits@D@std@@V?$allocator@D@2@@std@@AEBV?$vector@EV?$allocator@E@std@@@5@II@Z)
     1>sfml-graphics-s-d.lib(ImageLoader.cpp.obj) : error LNK2019: ссылка на неразрешенный внешний символ jpeg_finish_compress в функции "private: bool __cdecl sf::priv::ImageLoader::writeJpg(class std::basic_string<char,struct std::char_traits<char>,class std::allocator<char> > const &,class std::vector<unsigned char,class std::allocator<unsigned char> > const &,unsigned int,unsigned int)" (?writeJpg@ImageLoader@priv@sf@@AEAA_NAEBV?$basic_string@DU?$char_traits@D@std@@V?$allocator@D@2@@std@@AEBV?$vector@EV?$allocator@E@std@@@5@II@Z)
     1>sfml-window-s-d.lib(WglContext.cpp.obj) : error LNK2019: ссылка на неразрешенный внешний символ __imp_wglCreateContext в функции "private: void __cdecl sf::priv::WglContext::createContext(class sf::priv::WglContext *,unsigned int,struct sf::ContextSettings const &)" (?createContext@WglContext@priv@sf@@AEAAXPEAV123@IAEBUContextSettings@3@@Z)
     1>sfml-window-s-d.lib(WglContext.cpp.obj) : error LNK2019: ссылка на неразрешенный внешний символ __imp_wglDeleteContext в функции "public: virtual __cdecl sf::priv::WglContext::~WglContext(void)" (??1WglContext@priv@sf@@UEAA@XZ)
     1>sfml-window-s-d.lib(WglContext.cpp.obj) : error LNK2019: ссылка на неразрешенный внешний символ __imp_wglGetCurrentContext в функции "public: virtual __cdecl sf::priv::WglContext::~WglContext(void)" (??1WglContext@priv@sf@@UEAA@XZ)
     1>sfml-window-s-d.lib(WglContext.cpp.obj) : error LNK2019: ссылка на неразрешенный внешний символ __imp_wglGetProcAddress в функции "public: static void (__cdecl*__cdecl sf::priv::WglContext::getFunction(char const *))(void)" (?getFunction@WglContext@priv@sf@@SAP6AXXZPEBD@Z)
     1>sfml-window-s-d.lib(WglContext.cpp.obj) : error LNK2019: ссылка на неразрешенный внешний символ __imp_wglMakeCurrent в функции "public: virtual __cdecl sf::priv::WglContext::~WglContext(void)" (??1WglContext@priv@sf@@UEAA@XZ)
     1>sfml-window-s-d.lib(WglContext.cpp.obj) : error LNK2019: ссылка на неразрешенный внешний символ __imp_wglShareLists в функции "private: void __cdecl sf::priv::WglContext::createContext(class sf::priv::WglContext *,unsigned int,struct sf::ContextSettings const &)" (?createContext@WglContext@priv@sf@@AEAAXPEAV123@IAEBUContextSettings@3@@Z)
     1>sfml-window-s-d.lib(JoystickImpl.cpp.obj) : error LNK2019: ссылка на неразрешенный внешний символ __imp_joyGetPosEx в функции "public: static void __cdecl sf::priv::JoystickImpl::initialize(void)" (?initialize@JoystickImpl@priv@sf@@SAXXZ)
     1>sfml-window-s-d.lib(JoystickImpl.cpp.obj) : error LNK2019: ссылка на неразрешенный внешний символ __imp_joyGetDevCapsW в функции "public: bool __cdecl sf::priv::JoystickImpl::open(unsigned int)" (?open@JoystickImpl@priv@sf@@QEAA_NI@Z)
     1>sfml-system-s-d.lib(SleepImpl.cpp.obj) : error LNK2019: ссылка на неразрешенный внешний символ __imp_timeGetDevCaps в функции "void __cdecl sf::priv::sleepImpl(class sf::Time)" (?sleepImpl@priv@sf@@YAXVTime@2@@Z)
     1>sfml-system-s-d.lib(SleepImpl.cpp.obj) : error LNK2019: ссылка на неразрешенный внешний символ __imp_timeBeginPeriod в функции "void __cdecl sf::priv::sleepImpl(class sf::Time)" (?sleepImpl@priv@sf@@YAXVTime@2@@Z)
     1>sfml-system-s-d.lib(SleepImpl.cpp.obj) : error LNK2019: ссылка на неразрешенный внешний символ __imp_timeEndPeriod в функции "void __cdecl sf::priv::sleepImpl(class sf::Time)" (?sleepImpl@priv@sf@@YAXVTime@2@@Z)
     1>C:\Users\user\Desktop\Новая папка\weedden\x64\Debug\weedden.exe : fatal error LNK1120: неразрешенных внешних элементов: 53
     1>Сборка проекта "C:\Users\user\Desktop\Новая папка\weedden\weedden\weedden.vcxproj" завершена (целевые объекты Build) с ошибкой.

Ошибка сборки.

Затраченное время: 00:00:02.13
