Сборка начата 18.10.2015 22:24:58.
     1>Проект "C:\Users\user\Desktop\Новая папка\weedden\weedden\weedden.vcxproj" в узле 2 (целевые объекты Build).
     1>Link:
         D:\Program Files (x86)\Microsoft Visual Studio 14.0\VC\bin\link.exe /ERRORREPORT:PROMPT /OUT:"C:\Users\user\Desktop\Новая папка\weedden\Debug\weedden.exe" /INCREMENTAL /NOLOGO /LIBPATH:"D:\Program Files\SFML-2.3.2\lib" "sfml-graphics-s-d.lib" "sfml-window-s-d.lib" "sfml-system-s-d.lib" "sfml-audio-s-d.lib" opengl32.lib freetype.lib jpeg.lib Winmm.lib kernel32.lib user32.lib gdi32.lib winspool.lib comdlg32.lib advapi32.lib shell32.lib ole32.lib oleaut32.lib uuid.lib odbc32.lib odbccp32.lib /MANIFEST /MANIFESTUAC:"level='asInvoker' uiAccess='false'" /manifest:embed /Debug /PDB:"C:\Users\user\Desktop\Новая папка\weedden\Debug\weedden.pdb" /TLBID:1 /DYNAMICBASE /NXCOMPAT /IMPLIB:"C:\Users\user\Desktop\Новая папка\weedden\Debug\weedden.lib" /MACHINE:X86 Debug\main.obj
     1>sfml-graphics-s-d.lib(BlendMode.cpp.obj) : warning LNK4099: "vc140.pdb" PDB не найден с "sfml-graphics-s-d.lib(BlendMode.cpp.obj)" или на "C:\Users\user\Desktop\Новая папка\weedden\Debug\vc140.pdb"; компоновка объекта выполняется как при отсутствии отладочных данных
     1>sfml-graphics-s-d.lib(Color.cpp.obj) : warning LNK4099: "vc140.pdb" PDB не найден с "sfml-graphics-s-d.lib(Color.cpp.obj)" или на "C:\Users\user\Desktop\Новая папка\weedden\Debug\vc140.pdb"; компоновка объекта выполняется как при отсутствии отладочных данных
     1>sfml-graphics-s-d.lib(GLCheck.cpp.obj) : warning LNK4099: "vc140.pdb" PDB не найден с "sfml-graphics-s-d.lib(GLCheck.cpp.obj)" или на "C:\Users\user\Desktop\Новая папка\weedden\Debug\vc140.pdb"; компоновка объекта выполняется как при отсутствии отладочных данных
     1>sfml-graphics-s-d.lib(GLExtensions.cpp.obj) : warning LNK4099: "vc140.pdb" PDB не найден с "sfml-graphics-s-d.lib(GLExtensions.cpp.obj)" или на "C:\Users\user\Desktop\Новая папка\weedden\Debug\vc140.pdb"; компоновка объекта выполняется как при отсутствии отладочных данных
     1>sfml-graphics-s-d.lib(Image.cpp.obj) : warning LNK4099: "vc140.pdb" PDB не найден с "sfml-graphics-s-d.lib(Image.cpp.obj)" или на "C:\Users\user\Desktop\Новая папка\weedden\Debug\vc140.pdb"; компоновка объекта выполняется как при отсутствии отладочных данных
     1>sfml-graphics-s-d.lib(ImageLoader.cpp.obj) : warning LNK4099: "vc140.pdb" PDB не найден с "sfml-graphics-s-d.lib(ImageLoader.cpp.obj)" или на "C:\Users\user\Desktop\Новая папка\weedden\Debug\vc140.pdb"; компоновка объекта выполняется как при отсутствии отладочных данных
     1>sfml-graphics-s-d.lib(RenderStates.cpp.obj) : warning LNK4099: "vc140.pdb" PDB не найден с "sfml-graphics-s-d.lib(RenderStates.cpp.obj)" или на "C:\Users\user\Desktop\Новая папка\weedden\Debug\vc140.pdb"; компоновка объекта выполняется как при отсутствии отладочных данных
     1>sfml-graphics-s-d.lib(RenderTarget.cpp.obj) : warning LNK4099: "vc140.pdb" PDB не найден с "sfml-graphics-s-d.lib(RenderTarget.cpp.obj)" или на "C:\Users\user\Desktop\Новая папка\weedden\Debug\vc140.pdb"; компоновка объекта выполняется как при отсутствии отладочных данных
     1>sfml-graphics-s-d.lib(RenderWindow.cpp.obj) : warning LNK4099: "vc140.pdb" PDB не найден с "sfml-graphics-s-d.lib(RenderWindow.cpp.obj)" или на "C:\Users\user\Desktop\Новая папка\weedden\Debug\vc140.pdb"; компоновка объекта выполняется как при отсутствии отладочных данных
     1>sfml-graphics-s-d.lib(Shader.cpp.obj) : warning LNK4099: "vc140.pdb" PDB не найден с "sfml-graphics-s-d.lib(Shader.cpp.obj)" или на "C:\Users\user\Desktop\Новая папка\weedden\Debug\vc140.pdb"; компоновка объекта выполняется как при отсутствии отладочных данных
     1>sfml-graphics-s-d.lib(Texture.cpp.obj) : warning LNK4099: "vc140.pdb" PDB не найден с "sfml-graphics-s-d.lib(Texture.cpp.obj)" или на "C:\Users\user\Desktop\Новая папка\weedden\Debug\vc140.pdb"; компоновка объекта выполняется как при отсутствии отладочных данных
     1>sfml-graphics-s-d.lib(TextureSaver.cpp.obj) : warning LNK4099: "vc140.pdb" PDB не найден с "sfml-graphics-s-d.lib(TextureSaver.cpp.obj)" или на "C:\Users\user\Desktop\Новая папка\weedden\Debug\vc140.pdb"; компоновка объекта выполняется как при отсутствии отладочных данных
     1>sfml-graphics-s-d.lib(Transform.cpp.obj) : warning LNK4099: "vc140.pdb" PDB не найден с "sfml-graphics-s-d.lib(Transform.cpp.obj)" или на "C:\Users\user\Desktop\Новая папка\weedden\Debug\vc140.pdb"; компоновка объекта выполняется как при отсутствии отладочных данных
     1>sfml-graphics-s-d.lib(Transformable.cpp.obj) : warning LNK4099: "vc140.pdb" PDB не найден с "sfml-graphics-s-d.lib(Transformable.cpp.obj)" или на "C:\Users\user\Desktop\Новая папка\weedden\Debug\vc140.pdb"; компоновка объекта выполняется как при отсутствии отладочных данных
     1>sfml-graphics-s-d.lib(View.cpp.obj) : warning LNK4099: "vc140.pdb" PDB не найден с "sfml-graphics-s-d.lib(View.cpp.obj)" или на "C:\Users\user\Desktop\Новая папка\weedden\Debug\vc140.pdb"; компоновка объекта выполняется как при отсутствии отладочных данных
     1>sfml-graphics-s-d.lib(Vertex.cpp.obj) : warning LNK4099: "vc140.pdb" PDB не найден с "sfml-graphics-s-d.lib(Vertex.cpp.obj)" или на "C:\Users\user\Desktop\Новая папка\weedden\Debug\vc140.pdb"; компоновка объекта выполняется как при отсутствии отладочных данных
     1>sfml-graphics-s-d.lib(GLLoader.cpp.obj) : warning LNK4099: "vc140.pdb" PDB не найден с "sfml-graphics-s-d.lib(GLLoader.cpp.obj)" или на "C:\Users\user\Desktop\Новая папка\weedden\Debug\vc140.pdb"; компоновка объекта выполняется как при отсутствии отладочных данных
     1>sfml-graphics-s-d.lib(Shape.cpp.obj) : warning LNK4099: "vc140.pdb" PDB не найден с "sfml-graphics-s-d.lib(Shape.cpp.obj)" или на "C:\Users\user\Desktop\Новая папка\weedden\Debug\vc140.pdb"; компоновка объекта выполняется как при отсутствии отладочных данных
     1>sfml-graphics-s-d.lib(CircleShape.cpp.obj) : warning LNK4099: "vc140.pdb" PDB не найден с "sfml-graphics-s-d.lib(CircleShape.cpp.obj)" или на "C:\Users\user\Desktop\Новая папка\weedden\Debug\vc140.pdb"; компоновка объекта выполняется как при отсутствии отладочных данных
     1>sfml-graphics-s-d.lib(VertexArray.cpp.obj) : warning LNK4099: "vc140.pdb" PDB не найден с "sfml-graphics-s-d.lib(VertexArray.cpp.obj)" или на "C:\Users\user\Desktop\Новая папка\weedden\Debug\vc140.pdb"; компоновка объекта выполняется как при отсутствии отладочных данных
     1>sfml-window-s-d.lib(Context.cpp.obj) : warning LNK4099: "vc140.pdb" PDB не найден с "sfml-window-s-d.lib(Context.cpp.obj)" или на "C:\Users\user\Desktop\Новая папка\weedden\Debug\vc140.pdb"; компоновка объекта выполняется как при отсутствии отладочных данных
     1>sfml-window-s-d.lib(GlContext.cpp.obj) : warning LNK4099: "vc140.pdb" PDB не найден с "sfml-window-s-d.lib(GlContext.cpp.obj)" или на "C:\Users\user\Desktop\Новая папка\weedden\Debug\vc140.pdb"; компоновка объекта выполняется как при отсутствии отладочных данных
     1>sfml-window-s-d.lib(GlResource.cpp.obj) : warning LNK4099: "vc140.pdb" PDB не найден с "sfml-window-s-d.lib(GlResource.cpp.obj)" или на "C:\Users\user\Desktop\Новая папка\weedden\Debug\vc140.pdb"; компоновка объекта выполняется как при отсутствии отладочных данных
     1>sfml-window-s-d.lib(Joystick.cpp.obj) : warning LNK4099: "vc140.pdb" PDB не найден с "sfml-window-s-d.lib(Joystick.cpp.obj)" или на "C:\Users\user\Desktop\Новая папка\weedden\Debug\vc140.pdb"; компоновка объекта выполняется как при отсутствии отладочных данных
     1>sfml-window-s-d.lib(JoystickManager.cpp.obj) : warning LNK4099: "vc140.pdb" PDB не найден с "sfml-window-s-d.lib(JoystickManager.cpp.obj)" или на "C:\Users\user\Desktop\Новая папка\weedden\Debug\vc140.pdb"; компоновка объекта выполняется как при отсутствии отладочных данных
     1>sfml-window-s-d.lib(SensorManager.cpp.obj) : warning LNK4099: "vc140.pdb" PDB не найден с "sfml-window-s-d.lib(SensorManager.cpp.obj)" или на "C:\Users\user\Desktop\Новая папка\weedden\Debug\vc140.pdb"; компоновка объекта выполняется как при отсутствии отладочных данных
     1>sfml-window-s-d.lib(VideoMode.cpp.obj) : warning LNK4099: "vc140.pdb" PDB не найден с "sfml-window-s-d.lib(VideoMode.cpp.obj)" или на "C:\Users\user\Desktop\Новая папка\weedden\Debug\vc140.pdb"; компоновка объекта выполняется как при отсутствии отладочных данных
     1>sfml-window-s-d.lib(Window.cpp.obj) : warning LNK4099: "vc140.pdb" PDB не найден с "sfml-window-s-d.lib(Window.cpp.obj)" или на "C:\Users\user\Desktop\Новая папка\weedden\Debug\vc140.pdb"; компоновка объекта выполняется как при отсутствии отладочных данных
     1>sfml-window-s-d.lib(WindowImpl.cpp.obj) : warning LNK4099: "vc140.pdb" PDB не найден с "sfml-window-s-d.lib(WindowImpl.cpp.obj)" или на "C:\Users\user\Desktop\Новая папка\weedden\Debug\vc140.pdb"; компоновка объекта выполняется как при отсутствии отладочных данных
     1>sfml-window-s-d.lib(WglContext.cpp.obj) : warning LNK4099: "vc140.pdb" PDB не найден с "sfml-window-s-d.lib(WglContext.cpp.obj)" или на "C:\Users\user\Desktop\Новая папка\weedden\Debug\vc140.pdb"; компоновка объекта выполняется как при отсутствии отладочных данных
     1>sfml-window-s-d.lib(WglExtensions.cpp.obj) : warning LNK4099: "vc140.pdb" PDB не найден с "sfml-window-s-d.lib(WglExtensions.cpp.obj)" или на "C:\Users\user\Desktop\Новая папка\weedden\Debug\vc140.pdb"; компоновка объекта выполняется как при отсутствии отладочных данных
     1>sfml-window-s-d.lib(JoystickImpl.cpp.obj) : warning LNK4099: "vc140.pdb" PDB не найден с "sfml-window-s-d.lib(JoystickImpl.cpp.obj)" или на "C:\Users\user\Desktop\Новая папка\weedden\Debug\vc140.pdb"; компоновка объекта выполняется как при отсутствии отладочных данных
     1>sfml-window-s-d.lib(SensorImpl.cpp.obj) : warning LNK4099: "vc140.pdb" PDB не найден с "sfml-window-s-d.lib(SensorImpl.cpp.obj)" или на "C:\Users\user\Desktop\Новая папка\weedden\Debug\vc140.pdb"; компоновка объекта выполняется как при отсутствии отладочных данных
     1>sfml-window-s-d.lib(VideoModeImpl.cpp.obj) : warning LNK4099: "vc140.pdb" PDB не найден с "sfml-window-s-d.lib(VideoModeImpl.cpp.obj)" или на "C:\Users\user\Desktop\Новая папка\weedden\Debug\vc140.pdb"; компоновка объекта выполняется как при отсутствии отладочных данных
     1>sfml-window-s-d.lib(WindowImplWin32.cpp.obj) : warning LNK4099: "vc140.pdb" PDB не найден с "sfml-window-s-d.lib(WindowImplWin32.cpp.obj)" или на "C:\Users\user\Desktop\Новая папка\weedden\Debug\vc140.pdb"; компоновка объекта выполняется как при отсутствии отладочных данных
     1>sfml-system-s-d.lib(Clock.cpp.obj) : warning LNK4099: "vc140.pdb" PDB не найден с "sfml-system-s-d.lib(Clock.cpp.obj)" или на "C:\Users\user\Desktop\Новая папка\weedden\Debug\vc140.pdb"; компоновка объекта выполняется как при отсутствии отладочных данных
     1>sfml-system-s-d.lib(Err.cpp.obj) : warning LNK4099: "vc140.pdb" PDB не найден с "sfml-system-s-d.lib(Err.cpp.obj)" или на "C:\Users\user\Desktop\Новая папка\weedden\Debug\vc140.pdb"; компоновка объекта выполняется как при отсутствии отладочных данных
     1>sfml-system-s-d.lib(Lock.cpp.obj) : warning LNK4099: "vc140.pdb" PDB не найден с "sfml-system-s-d.lib(Lock.cpp.obj)" или на "C:\Users\user\Desktop\Новая папка\weedden\Debug\vc140.pdb"; компоновка объекта выполняется как при отсутствии отладочных данных
     1>sfml-system-s-d.lib(Mutex.cpp.obj) : warning LNK4099: "vc140.pdb" PDB не найден с "sfml-system-s-d.lib(Mutex.cpp.obj)" или на "C:\Users\user\Desktop\Новая папка\weedden\Debug\vc140.pdb"; компоновка объекта выполняется как при отсутствии отладочных данных
     1>sfml-system-s-d.lib(Sleep.cpp.obj) : warning LNK4099: "vc140.pdb" PDB не найден с "sfml-system-s-d.lib(Sleep.cpp.obj)" или на "C:\Users\user\Desktop\Новая папка\weedden\Debug\vc140.pdb"; компоновка объекта выполняется как при отсутствии отладочных данных
     1>sfml-system-s-d.lib(String.cpp.obj) : warning LNK4099: "vc140.pdb" PDB не найден с "sfml-system-s-d.lib(String.cpp.obj)" или на "C:\Users\user\Desktop\Новая папка\weedden\Debug\vc140.pdb"; компоновка объекта выполняется как при отсутствии отладочных данных
     1>sfml-system-s-d.lib(ThreadLocal.cpp.obj) : warning LNK4099: "vc140.pdb" PDB не найден с "sfml-system-s-d.lib(ThreadLocal.cpp.obj)" или на "C:\Users\user\Desktop\Новая папка\weedden\Debug\vc140.pdb"; компоновка объекта выполняется как при отсутствии отладочных данных
     1>sfml-system-s-d.lib(Time.cpp.obj) : warning LNK4099: "vc140.pdb" PDB не найден с "sfml-system-s-d.lib(Time.cpp.obj)" или на "C:\Users\user\Desktop\Новая папка\weedden\Debug\vc140.pdb"; компоновка объекта выполняется как при отсутствии отладочных данных
     1>sfml-system-s-d.lib(ClockImpl.cpp.obj) : warning LNK4099: "vc140.pdb" PDB не найден с "sfml-system-s-d.lib(ClockImpl.cpp.obj)" или на "C:\Users\user\Desktop\Новая папка\weedden\Debug\vc140.pdb"; компоновка объекта выполняется как при отсутствии отладочных данных
     1>sfml-system-s-d.lib(MutexImpl.cpp.obj) : warning LNK4099: "vc140.pdb" PDB не найден с "sfml-system-s-d.lib(MutexImpl.cpp.obj)" или на "C:\Users\user\Desktop\Новая папка\weedden\Debug\vc140.pdb"; компоновка объекта выполняется как при отсутствии отладочных данных
     1>sfml-system-s-d.lib(SleepImpl.cpp.obj) : warning LNK4099: "vc140.pdb" PDB не найден с "sfml-system-s-d.lib(SleepImpl.cpp.obj)" или на "C:\Users\user\Desktop\Новая папка\weedden\Debug\vc140.pdb"; компоновка объекта выполняется как при отсутствии отладочных данных
     1>sfml-system-s-d.lib(ThreadLocalImpl.cpp.obj) : warning LNK4099: "vc140.pdb" PDB не найден с "sfml-system-s-d.lib(ThreadLocalImpl.cpp.obj)" или на "C:\Users\user\Desktop\Новая папка\weedden\Debug\vc140.pdb"; компоновка объекта выполняется как при отсутствии отладочных данных
         weedden.vcxproj -> C:\Users\user\Desktop\Новая папка\weedden\Debug\weedden.exe
     1>Сборка проекта "C:\Users\user\Desktop\Новая папка\weedden\weedden\weedden.vcxproj" завершена (целевые объекты Build).

Сборка успешно завершена.

Затраченное время: 00:00:01.20
